Building DAG of jobs...
Using shell: /usr/bin/bash
Provided cores: 8
Rules claiming more threads will be scaled down.
Job counts:
	count	jobs
	4	Index
	4	Sort
	1	all
	9

[Wed Oct  3 21:10:13 2018]
rule Sort:
    input: /scratch/dana/bam/1285_covaris2_DNA_200ng_S4_L008.bam
    output: /scratch/dana/bam/1285_covaris2_DNA_200ng_S4_L008.sort.bam
    jobid: 7
    wildcards: sample=1285_covaris2_DNA_200ng_S4_L008


[Wed Oct  3 21:10:13 2018]
rule Sort:
    input: /scratch/dana/bam/1285_covaris2_DNA_10ng_1_S1_L008.bam
    output: /scratch/dana/bam/1285_covaris2_DNA_10ng_1_S1_L008.sort.bam
    jobid: 8
    wildcards: sample=1285_covaris2_DNA_10ng_1_S1_L008


[Wed Oct  3 21:10:13 2018]
rule Sort:
    input: /scratch/dana/bam/1285_covaris2_DNA_50ng_S3_L008.bam
    output: /scratch/dana/bam/1285_covaris2_DNA_50ng_S3_L008.sort.bam
    jobid: 5
    wildcards: sample=1285_covaris2_DNA_50ng_S3_L008


[Wed Oct  3 21:10:13 2018]
rule Sort:
    input: /scratch/dana/bam/1285_covaris2_DNA_10ng_2_S2_L008.bam
    output: /scratch/dana/bam/1285_covaris2_DNA_10ng_2_S2_L008.sort.bam
    jobid: 6
    wildcards: sample=1285_covaris2_DNA_10ng_2_S2_L008

[Wed Oct  3 21:10:13 2018]
Finished job 8.
1 of 9 steps (11%) done

[Wed Oct  3 21:10:13 2018]
rule Index:
    input: /scratch/dana/bam/1285_covaris2_DNA_10ng_1_S1_L008.sort.bam
    output: /scratch/dana/bam/1285_covaris2_DNA_10ng_1_S1_L008.sort.bam.bai
    jobid: 4
    wildcards: sample=1285_covaris2_DNA_10ng_1_S1_L008

[Wed Oct  3 21:10:13 2018]
Finished job 5.
2 of 9 steps (22%) done

[Wed Oct  3 21:10:13 2018]
rule Index:
    input: /scratch/dana/bam/1285_covaris2_DNA_50ng_S3_L008.sort.bam
    output: /scratch/dana/bam/1285_covaris2_DNA_50ng_S3_L008.sort.bam.bai
    jobid: 1
    wildcards: sample=1285_covaris2_DNA_50ng_S3_L008

[Wed Oct  3 21:10:13 2018]
Finished job 6.
3 of 9 steps (33%) done
[Wed Oct  3 21:10:13 2018]
Finished job 4.
4 of 9 steps (44%) done

[Wed Oct  3 21:10:13 2018]
rule Index:
    input: /scratch/dana/bam/1285_covaris2_DNA_10ng_2_S2_L008.sort.bam
    output: /scratch/dana/bam/1285_covaris2_DNA_10ng_2_S2_L008.sort.bam.bai
    jobid: 2
    wildcards: sample=1285_covaris2_DNA_10ng_2_S2_L008

[Wed Oct  3 21:10:13 2018]
Finished job 1.
5 of 9 steps (56%) done
[Wed Oct  3 21:10:13 2018]
Finished job 2.
6 of 9 steps (67%) done
[Wed Oct  3 21:46:35 2018]
Finished job 7.
7 of 9 steps (78%) done

[Wed Oct  3 21:46:35 2018]
rule Index:
    input: /scratch/dana/bam/1285_covaris2_DNA_200ng_S4_L008.sort.bam
    output: /scratch/dana/bam/1285_covaris2_DNA_200ng_S4_L008.sort.bam.bai
    jobid: 3
    wildcards: sample=1285_covaris2_DNA_200ng_S4_L008

[Wed Oct  3 21:49:08 2018]
Finished job 3.
8 of 9 steps (89%) done

[Wed Oct  3 21:49:08 2018]
localrule all:
    input: /scratch/dana/bam/1285_covaris2_DNA_10ng_1_S1_L008.sort.bam.bai, /scratch/dana/bam/1285_covaris2_DNA_10ng_2_S2_L008.sort.bam.bai, /scratch/dana/bam/1285_covaris2_DNA_50ng_S3_L008.sort.bam.bai, /scratch/dana/bam/1285_covaris2_DNA_200ng_S4_L008.sort.bam.bai
    jobid: 0

[Wed Oct  3 21:49:08 2018]
Finished job 0.
9 of 9 steps (100%) done
Complete log: /home/dnachman/XTHS-analysis/code/.snakemake/log/2018-10-03T211013.445895.snakemake.log
