Building DAG of jobs...
Using shell: /usr/bin/bash
Provided cores: 8
Rules claiming more threads will be scaled down.
Job counts:
	count	jobs
	1	AlignFastq
	2	Sort
	1	all
	4

[Wed Oct  3 15:42:54 2018]
rule Sort:
    input: /scratch/dana/bam/1285_covaris2_DNA_50ng_S3_L008.bam
    output: /scratch/dana/bam/1285_covaris2_DNA_50ng_S3_L008.sort.bam
    jobid: 1
    wildcards: sample=1285_covaris2_DNA_50ng_S3_L008


[Wed Oct  3 15:42:54 2018]
rule AlignFastq:
    input: /scratch/dana/trimmed/1285_covaris2_DNA_200ng_S4_L008_R1_001.fastq.gz, /scratch/dana/trimmed/1285_covaris2_DNA_200ng_S4_L008_R3_001.fastq.gz
    output: /scratch/dana/bam/1285_covaris2_DNA_200ng_S4_L008.bam
    jobid: 8
    wildcards: sample=1285_covaris2_DNA_200ng_S4_L008

[Wed Oct  3 15:42:54 2018]
Finished job 1.
1 of 4 steps (25%) done
[Wed Oct  3 15:42:54 2018]
Error in rule AlignFastq:
    jobid: 8
    output: /scratch/dana/bam/1285_covaris2_DNA_200ng_S4_L008.bam

RuleException:
CalledProcessError in line 34 of /home/dnachman/XTHS-analysis/code/pipeline.smk:
Command ' set -euo pipefail;  bwa mem -t 2 -M -R '@RG	ID:1285_covaris2_DNA_200ng_S4_L008	SM:1285_covaris2_DNA_200ng_S4_L008'/home/dnachman/XTHS-analysis/data/genome/hg19/hg19.fa /scratch/dana/trimmed/1285_covaris2_DNA_200ng_S4_L008_R1_001.fastq.gz /scratch/dana/trimmed/1285_covaris2_DNA_200ng_S4_L008_R3_001.fastq.gz | samtools view -bh - > /scratch/dana/bam/1285_covaris2_DNA_200ng_S4_L008.bam ' returned non-zero exit status 1.
  File "/home/dnachman/XTHS-analysis/code/pipeline.smk", line 34, in __rule_AlignFastq
  File "/home/dnachman/miniconda3/lib/python3.6/concurrent/futures/thread.py", line 56, in run
Removing output files of failed job AlignFastq since they might be corrupted:
/scratch/dana/bam/1285_covaris2_DNA_200ng_S4_L008.bam
Shutting down, this might take some time.
Exiting because a job execution failed. Look above for error message
Complete log: /home/dnachman/XTHS-analysis/code/.snakemake/log/2018-10-03T154254.726690.snakemake.log
