Building DAG of jobs...
Using shell: /usr/bin/bash
Provided cores: 8
Rules claiming more threads will be scaled down.
Job counts:
	count	jobs
	1	AlignFastq
	1	Sort
	1	all
	3

[Wed Oct  3 15:49:35 2018]
rule AlignFastq:
    input: /scratch/dana/trimmed/1285_covaris2_DNA_200ng_S4_L008_R1_001.fastq.gz, /scratch/dana/trimmed/1285_covaris2_DNA_200ng_S4_L008_R3_001.fastq.gz
    output: /scratch/dana/bam/1285_covaris2_DNA_200ng_S4_L008.bam
    jobid: 5
    wildcards: sample=1285_covaris2_DNA_200ng_S4_L008

[Wed Oct  3 19:25:53 2018]
Finished job 5.
1 of 3 steps (33%) done

[Wed Oct  3 19:25:53 2018]
rule Sort:
    input: /scratch/dana/bam/1285_covaris2_DNA_200ng_S4_L008.bam
    output: /scratch/dana/bam/1285_covaris2_DNA_200ng_S4_L008.sort.bam
    jobid: 1
    wildcards: sample=1285_covaris2_DNA_200ng_S4_L008

[Wed Oct  3 20:02:19 2018]
Finished job 1.
2 of 3 steps (67%) done

[Wed Oct  3 20:02:19 2018]
localrule all:
    input: /scratch/dana/bam/1285_covaris2_DNA_10ng_1_S1_L008.sort.bam, /scratch/dana/bam/1285_covaris2_DNA_10ng_2_S2_L008.sort.bam, /scratch/dana/bam/1285_covaris2_DNA_50ng_S3_L008.sort.bam, /scratch/dana/bam/1285_covaris2_DNA_200ng_S4_L008.sort.bam
    jobid: 0

[Wed Oct  3 20:02:19 2018]
Finished job 0.
3 of 3 steps (100%) done
Complete log: /home/dnachman/XTHS-analysis/code/.snakemake/log/2018-10-03T154935.365643.snakemake.log
