Building DAG of jobs...
Using shell: /usr/bin/bash
Provided cores: 8
Rules claiming more threads will be scaled down.
Job counts:
	count	jobs
	4	TrimFastq
	1	all
	5

[Wed Oct  3 13:00:19 2018]
rule TrimFastq:
    input: /scratch/dana/fastq/1285_covaris2_DNA_50ng_S3_L008_R1_001.fastq.gz, /scratch/dana/fastq/1285_covaris2_DNA_50ng_S3_L008_R3_001.fastq.gz
    output: /scratch/dana/trimmed/1285_covaris2_DNA_50ng_S3_L008_R1_001.fastq.gz, /scratch/dana/trimmed/1285_covaris2_DNA_50ng_S3_L008_R3_001.fastq.gz
    jobid: 3
    wildcards: sample=1285_covaris2_DNA_50ng_S3_L008


[Wed Oct  3 13:00:19 2018]
rule TrimFastq:
    input: /scratch/dana/fastq/1285_covaris2_DNA_200ng_S4_L008_R1_001.fastq.gz, /scratch/dana/fastq/1285_covaris2_DNA_200ng_S4_L008_R3_001.fastq.gz
    output: /scratch/dana/trimmed/1285_covaris2_DNA_200ng_S4_L008_R1_001.fastq.gz, /scratch/dana/trimmed/1285_covaris2_DNA_200ng_S4_L008_R3_001.fastq.gz
    jobid: 2
    wildcards: sample=1285_covaris2_DNA_200ng_S4_L008


[Wed Oct  3 13:00:19 2018]
rule TrimFastq:
    input: /scratch/dana/fastq/1285_covaris2_DNA_10ng_2_S2_L008_R1_001.fastq.gz, /scratch/dana/fastq/1285_covaris2_DNA_10ng_2_S2_L008_R3_001.fastq.gz
    output: /scratch/dana/trimmed/1285_covaris2_DNA_10ng_2_S2_L008_R1_001.fastq.gz, /scratch/dana/trimmed/1285_covaris2_DNA_10ng_2_S2_L008_R3_001.fastq.gz
    jobid: 4
    wildcards: sample=1285_covaris2_DNA_10ng_2_S2_L008


[Wed Oct  3 13:00:19 2018]
rule TrimFastq:
    input: /scratch/dana/fastq/1285_covaris2_DNA_10ng_1_S1_L008_R1_001.fastq.gz, /scratch/dana/fastq/1285_covaris2_DNA_10ng_1_S1_L008_R3_001.fastq.gz
    output: /scratch/dana/trimmed/1285_covaris2_DNA_10ng_1_S1_L008_R1_001.fastq.gz, /scratch/dana/trimmed/1285_covaris2_DNA_10ng_1_S1_L008_R3_001.fastq.gz
    jobid: 1
    wildcards: sample=1285_covaris2_DNA_10ng_1_S1_L008

Waiting at most 5 seconds for missing files.
MissingOutputException in line 12 of /home/dnachman/XTHS-analysis/code/pipeline.smk:
Missing files after 5 seconds:
/scratch/dana/trimmed/1285_covaris2_DNA_10ng_1_S1_L008_R1_001.fastq.gz
/scratch/dana/trimmed/1285_covaris2_DNA_10ng_1_S1_L008_R3_001.fastq.gz
This might be due to filesystem latency. If that is the case, consider to increase the wait time with --latency-wait.
Waiting at most 5 seconds for missing files.
MissingOutputException in line 12 of /home/dnachman/XTHS-analysis/code/pipeline.smk:
Missing files after 5 seconds:
/scratch/dana/trimmed/1285_covaris2_DNA_10ng_2_S2_L008_R1_001.fastq.gz
/scratch/dana/trimmed/1285_covaris2_DNA_10ng_2_S2_L008_R3_001.fastq.gz
This might be due to filesystem latency. If that is the case, consider to increase the wait time with --latency-wait.
Waiting at most 5 seconds for missing files.
MissingOutputException in line 12 of /home/dnachman/XTHS-analysis/code/pipeline.smk:
Missing files after 5 seconds:
/scratch/dana/trimmed/1285_covaris2_DNA_200ng_S4_L008_R1_001.fastq.gz
/scratch/dana/trimmed/1285_covaris2_DNA_200ng_S4_L008_R3_001.fastq.gz
This might be due to filesystem latency. If that is the case, consider to increase the wait time with --latency-wait.
Waiting at most 5 seconds for missing files.
MissingOutputException in line 12 of /home/dnachman/XTHS-analysis/code/pipeline.smk:
Missing files after 5 seconds:
/scratch/dana/trimmed/1285_covaris2_DNA_50ng_S3_L008_R1_001.fastq.gz
/scratch/dana/trimmed/1285_covaris2_DNA_50ng_S3_L008_R3_001.fastq.gz
This might be due to filesystem latency. If that is the case, consider to increase the wait time with --latency-wait.
Shutting down, this might take some time.
Exiting because a job execution failed. Look above for error message
Complete log: /home/dnachman/XTHS-analysis/code/.snakemake/log/2018-10-03T130019.873088.snakemake.log
